-- The C compiler identification is GNU 11.4.0
-- The CXX compiler identification is GNU 11.4.0
-- Detecting C compiler ABI info
-- Detecting C compiler ABI info - done
-- Check for working C compiler: /usr/bin/cc - skipped
-- Detecting C compile features
-- Detecting C compile features - done
-- Detecting CXX compiler ABI info
-- Detecting CXX compiler ABI info - done
-- Check for working CXX compiler: /usr/bin/c++ - skipped
-- Detecting CXX compile features
-- Detecting CXX compile features - done
-- Found ament_cmake: 1.3.10 (/opt/ros/humble/share/ament_cmake/cmake)
-- Found Python3: /usr/bin/python3 (found version "3.10.12") found components: Interpreter 
-- Override CMake install command with custom implementation using symlinks instead of copying resources
-- Found rclcpp: 16.0.10 (/opt/ros/humble/share/rclcpp/cmake)
-- Found rosidl_generator_c: 3.1.5 (/opt/ros/humble/share/rosidl_generator_c/cmake)
-- Found rosidl_adapter: 3.1.5 (/opt/ros/humble/share/rosidl_adapter/cmake)
-- Found rosidl_generator_cpp: 3.1.5 (/opt/ros/humble/share/rosidl_generator_cpp/cmake)
-- Using all available rosidl_typesupport_c: rosidl_typesupport_fastrtps_c;rosidl_typesupport_introspection_c
-- Using all available rosidl_typesupport_cpp: rosidl_typesupport_fastrtps_cpp;rosidl_typesupport_introspection_cpp
-- Found rmw_implementation_cmake: 6.1.2 (/opt/ros/humble/share/rmw_implementation_cmake/cmake)
-- Found rmw_fastrtps_cpp: 6.2.7 (/opt/ros/humble/share/rmw_fastrtps_cpp/cmake)
-- Found OpenSSL: /usr/lib/x86_64-linux-gnu/libcrypto.so (found version "3.0.2")  
-- Found FastRTPS: /opt/ros/humble/include  
-- Using RMW implementation 'rmw_fastrtps_cpp' as default
-- Looking for pthread.h
-- Looking for pthread.h - found
-- Performing Test CMAKE_HAVE_LIBC_PTHREAD
-- Performing Test CMAKE_HAVE_LIBC_PTHREAD - Success
-- Found Threads: TRUE  
-- Found geometry_msgs: 4.2.4 (/opt/ros/humble/share/geometry_msgs/cmake)
-- Configuring done
-- Generating done
-- Build files have been written to: /home/ajr/ros2_ws/src/build/nov_fij_draw_logo
-- Install configuration: ""
-- Execute custom install script
-- Symlinking: /home/ajr/ros2_ws/src/install/nov_fij_draw_logo/share/nov_fij_draw_logo/launch/launch_example1.launch.py
-- Symlinking: /home/ajr/ros2_ws/src/install/nov_fij_draw_logo/share/nov_fij_draw_logo/launch/launch_example2.launch.py
-- Symlinking: /home/ajr/ros2_ws/src/install/nov_fij_draw_logo/share/ament_index/resource_index/package_run_dependencies/nov_fij_draw_logo
-- Symlinking: /home/ajr/ros2_ws/src/install/nov_fij_draw_logo/share/ament_index/resource_index/parent_prefix_path/nov_fij_draw_logo
-- Symlinking: /home/ajr/ros2_ws/src/install/nov_fij_draw_logo/share/nov_fij_draw_logo/environment/ament_prefix_path.sh
-- Symlinking: /home/ajr/ros2_ws/src/install/nov_fij_draw_logo/share/nov_fij_draw_logo/environment/ament_prefix_path.dsv
-- Symlinking: /home/ajr/ros2_ws/src/install/nov_fij_draw_logo/share/nov_fij_draw_logo/environment/path.sh
-- Symlinking: /home/ajr/ros2_ws/src/install/nov_fij_draw_logo/share/nov_fij_draw_logo/environment/path.dsv
-- Symlinking: /home/ajr/ros2_ws/src/install/nov_fij_draw_logo/share/nov_fij_draw_logo/local_setup.bash
-- Symlinking: /home/ajr/ros2_ws/src/install/nov_fij_draw_logo/share/nov_fij_draw_logo/local_setup.sh
-- Symlinking: /home/ajr/ros2_ws/src/install/nov_fij_draw_logo/share/nov_fij_draw_logo/local_setup.zsh
-- Symlinking: /home/ajr/ros2_ws/src/install/nov_fij_draw_logo/share/nov_fij_draw_logo/local_setup.dsv
-- Symlinking: /home/ajr/ros2_ws/src/install/nov_fij_draw_logo/share/nov_fij_draw_logo/package.dsv
-- Symlinking: /home/ajr/ros2_ws/src/install/nov_fij_draw_logo/share/ament_index/resource_index/packages/nov_fij_draw_logo
-- Symlinking: /home/ajr/ros2_ws/src/install/nov_fij_draw_logo/share/nov_fij_draw_logo/cmake/nov_fij_draw_logoConfig.cmake
-- Symlinking: /home/ajr/ros2_ws/src/install/nov_fij_draw_logo/share/nov_fij_draw_logo/cmake/nov_fij_draw_logoConfig-version.cmake
-- Symlinking: /home/ajr/ros2_ws/src/install/nov_fij_draw_logo/share/nov_fij_draw_logo/package.xml
