[0.014s] Invoking command in '/home/ajr/ros2_ws/src/build/nov_fij_draw_logo': CMAKE_PREFIX_PATH=/opt/ros/humble /usr/bin/cmake /home/ajr/ros2_ws/src/nov_fij_draw_logo -DAMENT_CMAKE_SYMLINK_INSTALL=1 -DCMAKE_INSTALL_PREFIX=/home/ajr/ros2_ws/src/install/nov_fij_draw_logo
[0.322s] -- The C compiler identification is GNU 11.4.0
[1.387s] -- The CXX compiler identification is GNU 11.4.0
[2.133s] -- Detecting C compiler ABI info
[2.382s] -- Detecting C compiler ABI info - done
[2.391s] -- Check for working C compiler: /usr/bin/cc - skipped
[2.395s] -- Detecting C compile features
[2.397s] -- Detecting C compile features - done
[2.402s] -- Detecting CXX compiler ABI info
[2.654s] -- Detecting CXX compiler ABI info - done
[2.663s] -- Check for working CXX compiler: /usr/bin/c++ - skipped
[2.664s] -- Detecting CXX compile features
[2.665s] -- Detecting CXX compile features - done
[2.675s] -- Found ament_cmake: 1.3.10 (/opt/ros/humble/share/ament_cmake/cmake)
[2.848s] -- Found Python3: /usr/bin/python3 (found version "3.10.12") found components: Interpreter 
[2.951s] -- Override CMake install command with custom implementation using symlinks instead of copying resources
[3.000s] -- Found rclcpp: 16.0.10 (/opt/ros/humble/share/rclcpp/cmake)
[3.304s] -- Found rosidl_generator_c: 3.1.5 (/opt/ros/humble/share/rosidl_generator_c/cmake)
[3.312s] -- Found rosidl_adapter: 3.1.5 (/opt/ros/humble/share/rosidl_adapter/cmake)
[3.332s] -- Found rosidl_generator_cpp: 3.1.5 (/opt/ros/humble/share/rosidl_generator_cpp/cmake)
[3.358s] -- Using all available rosidl_typesupport_c: rosidl_typesupport_fastrtps_c;rosidl_typesupport_introspection_c
[3.386s] -- Using all available rosidl_typesupport_cpp: rosidl_typesupport_fastrtps_cpp;rosidl_typesupport_introspection_cpp
[3.464s] -- Found rmw_implementation_cmake: 6.1.2 (/opt/ros/humble/share/rmw_implementation_cmake/cmake)
[3.468s] -- Found rmw_fastrtps_cpp: 6.2.7 (/opt/ros/humble/share/rmw_fastrtps_cpp/cmake)
[5.830s] -- Found OpenSSL: /usr/lib/x86_64-linux-gnu/libcrypto.so (found version "3.0.2")  
[8.054s] -- Found FastRTPS: /opt/ros/humble/include  
[11.979s] -- Using RMW implementation 'rmw_fastrtps_cpp' as default
[11.991s] -- Looking for pthread.h
[12.163s] -- Looking for pthread.h - found
[12.163s] -- Performing Test CMAKE_HAVE_LIBC_PTHREAD
[12.346s] -- Performing Test CMAKE_HAVE_LIBC_PTHREAD - Success
[12.347s] -- Found Threads: TRUE  
[12.416s] -- Found geometry_msgs: 4.2.4 (/opt/ros/humble/share/geometry_msgs/cmake)
[12.485s] -- Configuring done
[12.488s] -- Generating done
[12.489s] -- Build files have been written to: /home/ajr/ros2_ws/src/build/nov_fij_draw_logo
[12.498s] Invoked command in '/home/ajr/ros2_ws/src/build/nov_fij_draw_logo' returned '0': CMAKE_PREFIX_PATH=/opt/ros/humble /usr/bin/cmake /home/ajr/ros2_ws/src/nov_fij_draw_logo -DAMENT_CMAKE_SYMLINK_INSTALL=1 -DCMAKE_INSTALL_PREFIX=/home/ajr/ros2_ws/src/install/nov_fij_draw_logo
[12.500s] Invoking command in '/home/ajr/ros2_ws/src/build/nov_fij_draw_logo': CMAKE_PREFIX_PATH=/opt/ros/humble /usr/bin/cmake --build /home/ajr/ros2_ws/src/build/nov_fij_draw_logo -- -j12 -l12
[12.524s] Invoked command in '/home/ajr/ros2_ws/src/build/nov_fij_draw_logo' returned '0': CMAKE_PREFIX_PATH=/opt/ros/humble /usr/bin/cmake --build /home/ajr/ros2_ws/src/build/nov_fij_draw_logo -- -j12 -l12
[12.543s] Invoking command in '/home/ajr/ros2_ws/src/build/nov_fij_draw_logo': CMAKE_PREFIX_PATH=/opt/ros/humble /usr/bin/cmake --install /home/ajr/ros2_ws/src/build/nov_fij_draw_logo
[12.547s] -- Install configuration: ""
[12.547s] -- Execute custom install script
[12.548s] -- Symlinking: /home/ajr/ros2_ws/src/install/nov_fij_draw_logo/share/nov_fij_draw_logo/launch/launch_example1.launch.py
[12.553s] -- Symlinking: /home/ajr/ros2_ws/src/install/nov_fij_draw_logo/share/nov_fij_draw_logo/launch/launch_example2.launch.py
[12.559s] -- Symlinking: /home/ajr/ros2_ws/src/install/nov_fij_draw_logo/share/ament_index/resource_index/package_run_dependencies/nov_fij_draw_logo
[12.565s] -- Symlinking: /home/ajr/ros2_ws/src/install/nov_fij_draw_logo/share/ament_index/resource_index/parent_prefix_path/nov_fij_draw_logo
[12.570s] -- Symlinking: /home/ajr/ros2_ws/src/install/nov_fij_draw_logo/share/nov_fij_draw_logo/environment/ament_prefix_path.sh
[12.574s] -- Symlinking: /home/ajr/ros2_ws/src/install/nov_fij_draw_logo/share/nov_fij_draw_logo/environment/ament_prefix_path.dsv
[12.579s] -- Symlinking: /home/ajr/ros2_ws/src/install/nov_fij_draw_logo/share/nov_fij_draw_logo/environment/path.sh
[12.584s] -- Symlinking: /home/ajr/ros2_ws/src/install/nov_fij_draw_logo/share/nov_fij_draw_logo/environment/path.dsv
[12.588s] -- Symlinking: /home/ajr/ros2_ws/src/install/nov_fij_draw_logo/share/nov_fij_draw_logo/local_setup.bash
[12.593s] -- Symlinking: /home/ajr/ros2_ws/src/install/nov_fij_draw_logo/share/nov_fij_draw_logo/local_setup.sh
[12.597s] -- Symlinking: /home/ajr/ros2_ws/src/install/nov_fij_draw_logo/share/nov_fij_draw_logo/local_setup.zsh
[12.602s] -- Symlinking: /home/ajr/ros2_ws/src/install/nov_fij_draw_logo/share/nov_fij_draw_logo/local_setup.dsv
[12.607s] -- Symlinking: /home/ajr/ros2_ws/src/install/nov_fij_draw_logo/share/nov_fij_draw_logo/package.dsv
[12.612s] -- Symlinking: /home/ajr/ros2_ws/src/install/nov_fij_draw_logo/share/ament_index/resource_index/packages/nov_fij_draw_logo
[12.617s] -- Symlinking: /home/ajr/ros2_ws/src/install/nov_fij_draw_logo/share/nov_fij_draw_logo/cmake/nov_fij_draw_logoConfig.cmake
[12.622s] -- Symlinking: /home/ajr/ros2_ws/src/install/nov_fij_draw_logo/share/nov_fij_draw_logo/cmake/nov_fij_draw_logoConfig-version.cmake
[12.627s] -- Symlinking: /home/ajr/ros2_ws/src/install/nov_fij_draw_logo/share/nov_fij_draw_logo/package.xml
[12.634s] Invoked command in '/home/ajr/ros2_ws/src/build/nov_fij_draw_logo' returned '0': CMAKE_PREFIX_PATH=/opt/ros/humble /usr/bin/cmake --install /home/ajr/ros2_ws/src/build/nov_fij_draw_logo
