[0.190s] DEBUG:colcon:Command line arguments: ['/usr/bin/colcon', 'build']
[0.190s] DEBUG:colcon:Parsed command line arguments: Namespace(log_base=None, log_level=None, verb_name='build', build_base='build', install_base='install', merge_install=False, symlink_install=False, test_result_base=None, continue_on_error=False, executor='parallel', parallel_workers=12, event_handlers=None, ignore_user_meta=False, metas=['./colcon.meta'], base_paths=['.'], packages_ignore=None, packages_ignore_regex=None, paths=None, packages_up_to=None, packages_up_to_regex=None, packages_above=None, packages_above_and_dependencies=None, packages_above_depth=None, packages_select_by_dep=None, packages_skip_by_dep=None, packages_skip_up_to=None, packages_select_build_failed=False, packages_skip_build_finished=False, packages_select_test_failures=False, packages_skip_test_passed=False, packages_select=None, packages_skip=None, packages_select_regex=None, packages_skip_regex=None, packages_start=None, packages_end=None, allow_overriding=[], cmake_args=None, cmake_target=None, cmake_target_skip_unavailable=False, cmake_clean_cache=False, cmake_clean_first=False, cmake_force_configure=False, ament_cmake_args=None, catkin_cmake_args=None, catkin_skip_building_tests=False, mixin_files=None, mixin=None, verb_parser=<colcon_mixin.mixin.mixin_argument.MixinArgumentDecorator object at 0x7eff8974d9c0>, verb_extension=<colcon_core.verb.build.BuildVerb object at 0x7eff8974d510>, main=<bound method BuildVerb.main of <colcon_core.verb.build.BuildVerb object at 0x7eff8974d510>>, mixin_verb=('build',))
[0.283s] Level 1:colcon.colcon_core.package_discovery:discover_packages(colcon_meta) check parameters
[0.283s] Level 1:colcon.colcon_core.package_discovery:discover_packages(recursive) check parameters
[0.283s] Level 1:colcon.colcon_core.package_discovery:discover_packages(ignore) check parameters
[0.283s] Level 1:colcon.colcon_core.package_discovery:discover_packages(path) check parameters
[0.283s] Level 1:colcon.colcon_core.package_discovery:discover_packages(colcon_meta) discover
[0.284s] Level 1:colcon.colcon_core.package_discovery:discover_packages(recursive) discover
[0.284s] INFO:colcon.colcon_core.package_discovery:Crawling recursively for packages in '/home/ajr/ros2_ws/src/nov_fij_draw_logo'
[0.284s] Level 1:colcon.colcon_core.package_identification:_identify(.) by extensions ['ignore', 'ignore_ament_install']
[0.284s] Level 1:colcon.colcon_core.package_identification:_identify(.) by extension 'ignore'
[0.284s] Level 1:colcon.colcon_core.package_identification:_identify(.) by extension 'ignore_ament_install'
[0.284s] Level 1:colcon.colcon_core.package_identification:_identify(.) by extensions ['colcon_pkg']
[0.284s] Level 1:colcon.colcon_core.package_identification:_identify(.) by extension 'colcon_pkg'
[0.284s] Level 1:colcon.colcon_core.package_identification:_identify(.) by extensions ['colcon_meta']
[0.284s] Level 1:colcon.colcon_core.package_identification:_identify(.) by extension 'colcon_meta'
[0.284s] Level 1:colcon.colcon_core.package_identification:_identify(.) by extensions ['ros']
[0.284s] Level 1:colcon.colcon_core.package_identification:_identify(.) by extension 'ros'
[0.293s] DEBUG:colcon.colcon_core.package_identification:Package '.' with type 'ros.ament_cmake' and name 'nov_fij_draw_logo'
[0.293s] Level 1:colcon.colcon_core.package_discovery:discover_packages(recursive) using defaults
[0.293s] Level 1:colcon.colcon_core.package_discovery:discover_packages(ignore) discover
[0.293s] Level 1:colcon.colcon_core.package_discovery:discover_packages(ignore) using defaults
[0.293s] Level 1:colcon.colcon_core.package_discovery:discover_packages(path) discover
[0.293s] Level 1:colcon.colcon_core.package_discovery:discover_packages(path) using defaults
[0.307s] Level 1:colcon.colcon_core.package_discovery:discover_packages(prefix_path) check parameters
[0.307s] Level 1:colcon.colcon_core.package_discovery:discover_packages(prefix_path) discover
[0.309s] DEBUG:colcon.colcon_installed_package_information.package_discovery:Found 15 installed packages in /home/ajr/ros2_ws/install
[0.309s] DEBUG:colcon.colcon_installed_package_information.package_discovery:Found 289 installed packages in /opt/ros/humble
[0.310s] Level 1:colcon.colcon_core.package_discovery:discover_packages(prefix_path) using defaults
[0.346s] Level 5:colcon.colcon_core.verb:set package 'nov_fij_draw_logo' build argument 'cmake_args' from command line to 'None'
[0.346s] Level 5:colcon.colcon_core.verb:set package 'nov_fij_draw_logo' build argument 'cmake_target' from command line to 'None'
[0.346s] Level 5:colcon.colcon_core.verb:set package 'nov_fij_draw_logo' build argument 'cmake_target_skip_unavailable' from command line to 'False'
[0.346s] Level 5:colcon.colcon_core.verb:set package 'nov_fij_draw_logo' build argument 'cmake_clean_cache' from command line to 'False'
[0.346s] Level 5:colcon.colcon_core.verb:set package 'nov_fij_draw_logo' build argument 'cmake_clean_first' from command line to 'False'
[0.346s] Level 5:colcon.colcon_core.verb:set package 'nov_fij_draw_logo' build argument 'cmake_force_configure' from command line to 'False'
[0.346s] Level 5:colcon.colcon_core.verb:set package 'nov_fij_draw_logo' build argument 'ament_cmake_args' from command line to 'None'
[0.346s] Level 5:colcon.colcon_core.verb:set package 'nov_fij_draw_logo' build argument 'catkin_cmake_args' from command line to 'None'
[0.346s] Level 5:colcon.colcon_core.verb:set package 'nov_fij_draw_logo' build argument 'catkin_skip_building_tests' from command line to 'False'
[0.346s] DEBUG:colcon.colcon_core.verb:Building package 'nov_fij_draw_logo' with the following arguments: {'ament_cmake_args': None, 'build_base': '/home/ajr/ros2_ws/src/nov_fij_draw_logo/build/nov_fij_draw_logo', 'catkin_cmake_args': None, 'catkin_skip_building_tests': False, 'cmake_args': None, 'cmake_clean_cache': False, 'cmake_clean_first': False, 'cmake_force_configure': False, 'cmake_target': None, 'cmake_target_skip_unavailable': False, 'install_base': '/home/ajr/ros2_ws/src/nov_fij_draw_logo/install/nov_fij_draw_logo', 'merge_install': False, 'path': '/home/ajr/ros2_ws/src/nov_fij_draw_logo', 'symlink_install': False, 'test_result_base': None}
[0.346s] INFO:colcon.colcon_core.executor:Executing jobs using 'parallel' executor
[0.347s] DEBUG:colcon.colcon_parallel_executor.executor.parallel:run_until_complete
[0.347s] INFO:colcon.colcon_ros.task.ament_cmake.build:Building ROS package in '/home/ajr/ros2_ws/src/nov_fij_draw_logo' with build type 'ament_cmake'
[0.347s] INFO:colcon.colcon_cmake.task.cmake.build:Building CMake package in '/home/ajr/ros2_ws/src/nov_fij_draw_logo'
[0.350s] INFO:colcon.colcon_core.plugin_system:Skipping extension 'colcon_core.shell.bat': Not used on non-Windows systems
[0.350s] INFO:colcon.colcon_core.shell:Skip shell extension 'powershell' for command environment: Not usable outside of PowerShell
[0.350s] DEBUG:colcon.colcon_core.shell:Skip shell extension 'dsv' for command environment
[0.358s] DEBUG:colcon.colcon_core.event_handler.log_command:Invoking command in '/home/ajr/ros2_ws/src/nov_fij_draw_logo/build/nov_fij_draw_logo': CMAKE_PREFIX_PATH=${CMAKE_PREFIX_PATH}:/home/ajr/ros2_ws/install/arj_transforms_py:/home/ajr/ros2_ws/install/arj_intro_py:/opt/ros/humble /usr/bin/cmake /home/ajr/ros2_ws/src/nov_fij_draw_logo -DCMAKE_INSTALL_PREFIX=/home/ajr/ros2_ws/src/nov_fij_draw_logo/install/nov_fij_draw_logo
[10.468s] DEBUG:colcon.colcon_core.event_handler.log_command:Invoked command in '/home/ajr/ros2_ws/src/nov_fij_draw_logo/build/nov_fij_draw_logo' returned '0': CMAKE_PREFIX_PATH=${CMAKE_PREFIX_PATH}:/home/ajr/ros2_ws/install/arj_transforms_py:/home/ajr/ros2_ws/install/arj_intro_py:/opt/ros/humble /usr/bin/cmake /home/ajr/ros2_ws/src/nov_fij_draw_logo -DCMAKE_INSTALL_PREFIX=/home/ajr/ros2_ws/src/nov_fij_draw_logo/install/nov_fij_draw_logo
[10.468s] DEBUG:colcon.colcon_core.event_handler.log_command:Invoking command in '/home/ajr/ros2_ws/src/nov_fij_draw_logo/build/nov_fij_draw_logo': CMAKE_PREFIX_PATH=${CMAKE_PREFIX_PATH}:/home/ajr/ros2_ws/install/arj_transforms_py:/home/ajr/ros2_ws/install/arj_intro_py:/opt/ros/humble /usr/bin/cmake --build /home/ajr/ros2_ws/src/nov_fij_draw_logo/build/nov_fij_draw_logo -- -j12 -l12
[10.605s] DEBUG:colcon.colcon_core.event_handler.log_command:Invoked command in '/home/ajr/ros2_ws/src/nov_fij_draw_logo/build/nov_fij_draw_logo' returned '2': CMAKE_PREFIX_PATH=${CMAKE_PREFIX_PATH}:/home/ajr/ros2_ws/install/arj_transforms_py:/home/ajr/ros2_ws/install/arj_intro_py:/opt/ros/humble /usr/bin/cmake --build /home/ajr/ros2_ws/src/nov_fij_draw_logo/build/nov_fij_draw_logo -- -j12 -l12
[10.617s] Level 1:colcon.colcon_core.environment:create_environment_scripts_only(nov_fij_draw_logo)
[10.619s] Level 1:colcon.colcon_core.environment:checking '/home/ajr/ros2_ws/src/nov_fij_draw_logo/install/nov_fij_draw_logo' for CMake module files
[10.619s] Level 1:colcon.colcon_core.environment:checking '/home/ajr/ros2_ws/src/nov_fij_draw_logo/install/nov_fij_draw_logo' for CMake config files
[10.619s] Level 1:colcon.colcon_core.environment:checking '/home/ajr/ros2_ws/src/nov_fij_draw_logo/install/nov_fij_draw_logo/bin'
[10.619s] Level 1:colcon.colcon_core.environment:checking '/home/ajr/ros2_ws/src/nov_fij_draw_logo/install/nov_fij_draw_logo/lib/pkgconfig/nov_fij_draw_logo.pc'
[10.619s] Level 1:colcon.colcon_core.environment:checking '/home/ajr/ros2_ws/src/nov_fij_draw_logo/install/nov_fij_draw_logo/lib/python3.10/site-packages'
[10.620s] Level 1:colcon.colcon_core.environment:checking '/home/ajr/ros2_ws/src/nov_fij_draw_logo/install/nov_fij_draw_logo/bin'
[10.620s] INFO:colcon.colcon_core.shell:Creating package script '/home/ajr/ros2_ws/src/nov_fij_draw_logo/install/nov_fij_draw_logo/share/nov_fij_draw_logo/package.ps1'
[10.620s] INFO:colcon.colcon_core.shell:Creating package descriptor '/home/ajr/ros2_ws/src/nov_fij_draw_logo/install/nov_fij_draw_logo/share/nov_fij_draw_logo/package.dsv'
[10.621s] INFO:colcon.colcon_core.shell:Creating package script '/home/ajr/ros2_ws/src/nov_fij_draw_logo/install/nov_fij_draw_logo/share/nov_fij_draw_logo/package.sh'
[10.621s] INFO:colcon.colcon_core.shell:Creating package script '/home/ajr/ros2_ws/src/nov_fij_draw_logo/install/nov_fij_draw_logo/share/nov_fij_draw_logo/package.bash'
[10.622s] INFO:colcon.colcon_core.shell:Creating package script '/home/ajr/ros2_ws/src/nov_fij_draw_logo/install/nov_fij_draw_logo/share/nov_fij_draw_logo/package.zsh'
[10.622s] Level 1:colcon.colcon_core.environment:create_file_with_runtime_dependencies(/home/ajr/ros2_ws/src/nov_fij_draw_logo/install/nov_fij_draw_logo/share/colcon-core/packages/nov_fij_draw_logo)
[10.632s] DEBUG:colcon.colcon_parallel_executor.executor.parallel:closing loop
[10.633s] DEBUG:colcon.colcon_parallel_executor.executor.parallel:loop closed
[10.633s] DEBUG:colcon.colcon_parallel_executor.executor.parallel:run_until_complete finished with '2'
[10.633s] DEBUG:colcon.colcon_core.event_reactor:joining thread
[10.696s] INFO:colcon.colcon_core.plugin_system:Skipping extension 'colcon_notification.desktop_notification.notify_send': Could not find 'notify-send'
[10.697s] INFO:colcon.colcon_core.plugin_system:Skipping extension 'colcon_notification.desktop_notification.terminal_notifier': Not used on non-Darwin systems
[10.697s] INFO:colcon.colcon_core.plugin_system:Skipping extension 'colcon_notification.desktop_notification.win32': Not used on non-Windows systems
[10.697s] INFO:colcon.colcon_notification.desktop_notification:Sending desktop notification using 'notify2'
